Determining if the include file pthread.h exists passed with the following output:
Change Dir: /home/dan/Programming/CPP/ImageDiff/ImageDiff_Lib/bin/CMakeFiles/CMakeTmp

Run Build Command(s):/usr/bin/gmake cmTC_0fec1/fast && /usr/bin/gmake  -f CMakeFiles/cmTC_0fec1.dir/build.make CMakeFiles/cmTC_0fec1.dir/build
gmake[1]: Entering directory '/home/dan/Programming/CPP/ImageDiff/ImageDiff_Lib/bin/CMakeFiles/CMakeTmp'
Building C object CMakeFiles/cmTC_0fec1.dir/CheckIncludeFile.c.o
/usr/bin/cc    -o CMakeFiles/cmTC_0fec1.dir/CheckIncludeFile.c.o -c /home/dan/Programming/CPP/ImageDiff/ImageDiff_Lib/bin/CMakeFiles/CMakeTmp/CheckIncludeFile.c
Linking C executable cmTC_0fec1
/usr/bin/cmake -E cmake_link_script CMakeFiles/cmTC_0fec1.dir/link.txt --verbose=1
/usr/bin/cc CMakeFiles/cmTC_0fec1.dir/CheckIncludeFile.c.o -o cmTC_0fec1 
gmake[1]: Leaving directory '/home/dan/Programming/CPP/ImageDiff/ImageDiff_Lib/bin/CMakeFiles/CMakeTmp'



Determining if the function pthread_create exists in the pthread passed with the following output:
Change Dir: /home/dan/Programming/CPP/ImageDiff/ImageDiff_Lib/bin/CMakeFiles/CMakeTmp

Run Build Command(s):/usr/bin/gmake cmTC_a779d/fast && /usr/bin/gmake  -f CMakeFiles/cmTC_a779d.dir/build.make CMakeFiles/cmTC_a779d.dir/build
gmake[1]: Entering directory '/home/dan/Programming/CPP/ImageDiff/ImageDiff_Lib/bin/CMakeFiles/CMakeTmp'
Building C object CMakeFiles/cmTC_a779d.dir/CheckFunctionExists.c.o
/usr/bin/cc   -DCHECK_FUNCTION_EXISTS=pthread_create -o CMakeFiles/cmTC_a779d.dir/CheckFunctionExists.c.o -c /usr/share/cmake-3.18/Modules/CheckFunctionExists.c
Linking C executable cmTC_a779d
/usr/bin/cmake -E cmake_link_script CMakeFiles/cmTC_a779d.dir/link.txt --verbose=1
/usr/bin/cc  -DCHECK_FUNCTION_EXISTS=pthread_create CMakeFiles/cmTC_a779d.dir/CheckFunctionExists.c.o -o cmTC_a779d  -lpthread 
gmake[1]: Leaving directory '/home/dan/Programming/CPP/ImageDiff/ImageDiff_Lib/bin/CMakeFiles/CMakeTmp'



